#
# A fatal error has been detected by the Java Runtime Environment:
#
#  EXCEPTION_ACCESS_VIOLATION (0xc0000005) at pc=0x00000000513dc9e8, pid=7196, tid=0x0000000000003f64
#
# JRE version: Java(TM) SE Runtime Environment (8.0_212-b10) (build 1.8.0_212-b10)
# Java VM: Java HotSpot(TM) 64-Bit Server VM (25.212-b10 mixed mode windows-amd64 compressed oops)
# Problematic frame:
# V  [jvm.dll+0x3ac9e8]
#
# Failed to write core dump. Minidumps are not enabled by default on client versions of Windows
#
# If you would like to submit a bug report, please visit:
#   http://bugreport.java.com/bugreport/crash.jsp
#

---------------  T H R E A D  ---------------

Current thread (0x0000000002f41800):  GCTaskThread [stack: 0x0000000013630000,0x0000000013730000] [id=16228]

siginfo: ExceptionCode=0xc0000005, writing address 0x00000000000170ff

Registers:
RAX=0x0000000051630898, RBX=0x0000000000000001, RCX=0x0000000000017107, RDX=0x0000000003015470
RSP=0x000000001372fbb0, RBP=0x000000001372fcc0, RSI=0x0000000000000005, RDI=0x00000000000170ff
R8 =0x0000000000000001, R9 =0x000000000749246f, R10=0x0000000000000007, R11=0x000000001372fc50
R12=0x0000000000000000, R13=0x000000001372fcd8, R14=0x0000000000000000, R15=0x0000000002f41e50
RIP=0x00000000513dc9e8, EFLAGS=0x0000000000010212

Top of Stack: (sp=0x000000001372fbb0)
0x000000001372fbb0:   0000000002f3e870 000000078e280000
0x000000001372fbc0:   000000000001f2aa 000000005142b7a4
0x000000001372fbd0:   000000001c9c42b0 00000000513e7e42
0x000000001372fbe0:   0000000000000001 000000005168afb8
0x000000001372fbf0:   000032d80001f0af 0000000051145249
0x000000001372fc00:   00003289000170ff 00003289000170f3
0x000000001372fc10:   0000000600000000 00003289000170f4
0x000000001372fc20:   00003289000170f6 00000000512af10f
0x000000001372fc30:   00000007c0011570 00003289000170f5
0x000000001372fc40:   0000000002f41e50 0000000002f41e40
0x000000001372fc50:   0000000002f41e40 0000000002f3e870
0x000000001372fc60:   000000005168afb8 0000000000000005
0x000000001372fc70:   000000001eb766a0 00000000514291c4
0x000000001372fc80:   00000000030158f0 00000000030158f0
0x000000001372fc90:   0000000000000000 000000005168afb8
0x000000001372fca0:   000000078e280000 000000000129a800 

Instructions: (pc=0x00000000513dc9e8)
0x00000000513dc9c8:   83 c4 30 5b c3 cc cc cc 48 89 5c 24 08 57 48 83
0x00000000513dc9d8:   ec 20 48 8d 05 b7 3e 25 00 48 8b f9 48 83 c1 08
0x00000000513dc9e8:   48 89 41 f8 e8 bf ae ed ff 48 8b 5c 24 30 33 c0
0x00000000513dc9f8:   c7 47 0c 07 00 00 00 c7 47 10 1b 00 00 00 48 89 


Register to memory mapping:

RAX=0x0000000051630898 is an unknown value
RBX=0x0000000000000001 is an unknown value
RCX=0x0000000000017107 is an unknown value
RDX=0x0000000003015470 is an unknown value
RSP=0x000000001372fbb0 is an unknown value
RBP=0x000000001372fcc0 is an unknown value
RSI=0x0000000000000005 is an unknown value
RDI=0x00000000000170ff is an unknown value
R8 =0x0000000000000001 is an unknown value
R9 =0x000000000749246f is an unknown value
R10=0x0000000000000007 is an unknown value
R11=0x000000001372fc50 is an unknown value
R12=0x0000000000000000 is an unknown value
R13=0x000000001372fcd8 is an unknown value
R14=0x0000000000000000 is an unknown value
R15=0x0000000002f41e50 is an unknown value


Stack: [0x0000000013630000,0x0000000013730000],  sp=0x000000001372fbb0,  free space=1022k
Native frames: (J=compiled Java code, j=interpreted, Vv=VM code, C=native code)
V  [jvm.dll+0x3ac9e8]
V  [jvm.dll+0x3b7e42]
C  0x0000000002f3e870


---------------  P R O C E S S  ---------------

Java Threads: ( => current thread )
  0x000000001ea31800 JavaThread "Service Thread" daemon [_thread_blocked, id=18144, stack(0x000000001f610000,0x000000001f710000)]
  0x000000001e983800 JavaThread "C1 CompilerThread3" daemon [_thread_blocked, id=2368, stack(0x000000001f510000,0x000000001f610000)]
  0x000000001e98e800 JavaThread "C2 CompilerThread2" daemon [_thread_blocked, id=16296, stack(0x000000001f410000,0x000000001f510000)]
  0x000000001e980800 JavaThread "C2 CompilerThread1" daemon [_thread_blocked, id=15364, stack(0x000000001f310000,0x000000001f410000)]
  0x000000001e97e800 JavaThread "C2 CompilerThread0" daemon [_thread_blocked, id=16756, stack(0x000000001f210000,0x000000001f310000)]
  0x000000001e97b000 JavaThread "Monitor Ctrl-Break" daemon [_thread_in_native, id=10952, stack(0x000000001f110000,0x000000001f210000)]
  0x000000001e8e5800 JavaThread "Attach Listener" daemon [_thread_blocked, id=12260, stack(0x000000001f010000,0x000000001f110000)]
  0x000000001e943000 JavaThread "Signal Dispatcher" daemon [_thread_blocked, id=14308, stack(0x000000001ef10000,0x000000001f010000)]
  0x000000001e8d1000 JavaThread "Finalizer" daemon [_thread_blocked, id=17904, stack(0x000000001edb0000,0x000000001eeb0000)]
  0x000000001e8d0800 JavaThread "Reference Handler" daemon [_thread_blocked, id=15384, stack(0x000000001ecb0000,0x000000001edb0000)]
  0x0000000002c8e800 JavaThread "main" [_thread_blocked, id=11568, stack(0x0000000002c90000,0x0000000002d90000)]

Other Threads:
  0x000000001cae9800 VMThread [stack: 0x000000001e7b0000,0x000000001e8b0000] [id=17064]
  0x000000001e984800 WatcherThread [stack: 0x000000001f710000,0x000000001f810000] [id=2228]

=>0x0000000002f41800 (exited) GCTaskThread [stack: 0x0000000013630000,0x0000000013730000] [id=16228]

VM state:at safepoint (normal execution)

VM Mutex/Monitor currently owned by a thread:  ([mutex/lock_event])
[0x0000000002f200d0] Threads_lock - owner thread: 0x000000001cae9800
[0x0000000002f20750] Heap_lock - owner thread: 0x0000000002c8e800

heap address: 0x00000006c1000000, size: 4080 MB, Compressed Oops mode: Zero based, Oop shift amount: 3
Narrow klass base: 0x0000000000000000, Narrow klass shift: 3
Compressed class space size: 1073741824 Address: 0x00000007c0000000

Heap:
 PSYoungGen      total 500224K, used 288761K [0x000000076b000000, 0x00000007a9800000, 0x00000007c0000000)
  eden space 211456K, 0% used [0x000000076b000000,0x000000076b000000,0x0000000777e80000)
  from space 288768K, 99% used [0x000000078e280000,0x000000079fc7e768,0x000000079fc80000)
  to   space 364544K, 0% used [0x0000000777e80000,0x0000000777e80000,0x000000078e280000)
 ParOldGen       total 466432K, used 413020K [0x00000006c1000000, 0x00000006dd780000, 0x000000076b000000)
  object space 466432K, 88% used [0x00000006c1000000,0x00000006da357260,0x00000006dd780000)
 Metaspace       used 4146K, capacity 4604K, committed 4864K, reserved 1056768K
  class space    used 459K, capacity 492K, committed 512K, reserved 1048576K

Card table byte_map: [0x00000000123e0000,0x0000000012be0000] byte_map_base: 0x000000000edd8000

Marking Bits: (ParMarkBitMap*) 0x0000000051855ce0
 Begin Bits: [0x0000000013930000, 0x00000000178f0000)
 End Bits:   [0x00000000178f0000, 0x000000001b8b0000)

Polling page: 0x00000000010f0000

CodeCache: size=245760Kb used=1348Kb max_used=1361Kb free=244412Kb
 bounds [0x0000000003020000, 0x0000000003290000, 0x0000000012020000]
 total_blobs=400 nmethods=126 adapters=187
 compilation: enabled

Compilation events (10 events):
Event: 2.165 Thread 0x000000001e983800  122 %     3       java.util.ArrayList::clear @ 12 (39 bytes)
Event: 2.165 Thread 0x000000001e98e800  123 %     4       online_test.delete_every2::main @ 125 (195 bytes)
Event: 2.165 Thread 0x000000001e983800 nmethod 122% 0x0000000003167c50 code [0x0000000003167dc0, 0x0000000003168170]
Event: 2.165 Thread 0x000000001e983800  124       3       java.util.ArrayList::clear (39 bytes)
Event: 2.166 Thread 0x000000001e983800 nmethod 124 0x0000000003167610 code [0x0000000003167780, 0x0000000003167af0]
Event: 2.168 Thread 0x000000001e97e800  125 %     4       java.util.ArrayList::clear @ 12 (39 bytes)
Event: 2.169 Thread 0x000000001e97e800 nmethod 125% 0x0000000003165d50 code [0x0000000003165ea0, 0x0000000003166018]
Event: 2.170 Thread 0x000000001e980800  126       4       java.util.ArrayList::clear (39 bytes)
Event: 2.171 Thread 0x000000001e980800 nmethod 126 0x0000000003165a90 code [0x0000000003165bc0, 0x0000000003165cd8]
Event: 2.172 Thread 0x000000001e98e800 nmethod 123% 0x0000000003172890 code [0x0000000003172a60, 0x0000000003173310]

GC Heap History (10 events):
Event: 5.389 GC heap after
Heap after GC invocations=8 (full 2):
 PSYoungGen      total 271360K, used 55863K [0x000000076b000000, 0x0000000785e80000, 0x00000007c0000000)
  eden space 173568K, 0% used [0x000000076b000000,0x000000076b000000,0x0000000775980000)
  from space 97792K, 57% used [0x000000077ff00000,0x000000078358dc60,0x0000000785e80000)
  to   space 133632K, 0% used [0x0000000775980000,0x0000000775980000,0x000000077dc00000)
 ParOldGen       total 466432K, used 185731K [0x00000006c1000000, 0x00000006dd780000, 0x000000076b000000)
  object space 466432K, 39% used [0x00000006c1000000,0x00000006cc560c48,0x00000006dd780000)
 Metaspace       used 4146K, capacity 4604K, committed 4864K, reserved 1056768K
  class space    used 459K, capacity 492K, committed 512K, reserved 1048576K
}
Event: 5.434 GC heap before
{Heap before GC invocations=9 (full 2):
 PSYoungGen      total 271360K, used 200621K [0x000000076b000000, 0x0000000785e80000, 0x00000007c0000000)
  eden space 173568K, 83% used [0x000000076b000000,0x0000000773d5dad0,0x0000000775980000)
  from space 97792K, 57% used [0x000000077ff00000,0x000000078358dc60,0x0000000785e80000)
  to   space 133632K, 0% used [0x0000000775980000,0x0000000775980000,0x000000077dc00000)
 ParOldGen       total 466432K, used 185731K [0x00000006c1000000, 0x00000006dd780000, 0x000000076b000000)
  object space 466432K, 39% used [0x00000006c1000000,0x00000006cc560c48,0x00000006dd780000)
 Metaspace       used 4146K, capacity 4604K, committed 4864K, reserved 1056768K
  class space    used 459K, capacity 492K, committed 512K, reserved 1048576K
Event: 5.552 GC heap after
Heap after GC invocations=9 (full 2):
 PSYoungGen      total 307200K, used 133616K [0x000000076b000000, 0x0000000793580000, 0x00000007c0000000)
  eden space 173568K, 0% used [0x000000076b000000,0x000000076b000000,0x0000000775980000)
  from space 133632K, 99% used [0x0000000775980000,0x000000077dbfc348,0x000000077dc00000)
  to   space 208384K, 0% used [0x0000000786a00000,0x0000000786a00000,0x0000000793580000)
 ParOldGen       total 466432K, used 287444K [0x00000006c1000000, 0x00000006dd780000, 0x000000076b000000)
  object space 466432K, 61% used [0x00000006c1000000,0x00000006d28b5260,0x00000006dd780000)
 Metaspace       used 4146K, capacity 4604K, committed 4864K, reserved 1056768K
  class space    used 459K, capacity 492K, committed 512K, reserved 1048576K
}
Event: 5.605 GC heap before
{Heap before GC invocations=10 (full 2):
 PSYoungGen      total 307200K, used 307184K [0x000000076b000000, 0x0000000793580000, 0x00000007c0000000)
  eden space 173568K, 100% used [0x000000076b000000,0x0000000775980000,0x0000000775980000)
  from space 133632K, 99% used [0x0000000775980000,0x000000077dbfc348,0x000000077dc00000)
  to   space 208384K, 0% used [0x0000000786a00000,0x0000000786a00000,0x0000000793580000)
 ParOldGen       total 466432K, used 287444K [0x00000006c1000000, 0x00000006dd780000, 0x000000076b000000)
  object space 466432K, 61% used [0x00000006c1000000,0x00000006d28b5260,0x00000006dd780000)
 Metaspace       used 4146K, capacity 4604K, committed 4864K, reserved 1056768K
  class space    used 459K, capacity 492K, committed 512K, reserved 1048576K
Event: 5.711 GC heap after
Heap after GC invocations=10 (full 2):
 PSYoungGen      total 427520K, used 181126K [0x000000076b000000, 0x0000000797180000, 0x00000007c0000000)
  eden space 219136K, 0% used [0x000000076b000000,0x000000076b000000,0x0000000778600000)
  from space 208384K, 86% used [0x0000000786a00000,0x0000000791ae1a50,0x0000000793580000)
  to   space 233472K, 0% used [0x0000000778600000,0x0000000778600000,0x0000000786a00000)
 ParOldGen       total 466432K, used 287444K [0x00000006c1000000, 0x00000006dd780000, 0x000000076b000000)
  object space 466432K, 61% used [0x00000006c1000000,0x00000006d28b5260,0x00000006dd780000)
 Metaspace       used 4146K, capacity 4604K, committed 4864K, reserved 1056768K
  class space    used 459K, capacity 492K, committed 512K, reserved 1048576K
}
Event: 5.792 GC heap before
{Heap before GC invocations=11 (full 2):
 PSYoungGen      total 427520K, used 400262K [0x000000076b000000, 0x0000000797180000, 0x00000007c0000000)
  eden space 219136K, 100% used [0x000000076b000000,0x0000000778600000,0x0000000778600000)
  from space 208384K, 86% used [0x0000000786a00000,0x0000000791ae1a50,0x0000000793580000)
  to   space 233472K, 0% used [0x0000000778600000,0x0000000778600000,0x0000000786a00000)
 ParOldGen       total 466432K, used 287444K [0x00000006c1000000, 0x00000006dd780000, 0x000000076b000000)
  object space 466432K, 61% used [0x00000006c1000000,0x00000006d28b5260,0x00000006dd780000)
 Metaspace       used 4146K, capacity 4604K, committed 4864K, reserved 1056768K
  class space    used 459K, capacity 492K, committed 512K, reserved 1048576K
Event: 5.949 GC heap after
Heap after GC invocations=11 (full 2):
 PSYoungGen      total 452608K, used 233447K [0x000000076b000000, 0x000000079fc80000, 0x00000007c0000000)
  eden space 219136K, 0% used [0x000000076b000000,0x000000076b000000,0x0000000778600000)
  from space 233472K, 99% used [0x0000000778600000,0x00000007869f9f90,0x0000000786a00000)
  to   space 288768K, 0% used [0x000000078e280000,0x000000078e280000,0x000000079fc80000)
 ParOldGen       total 466432K, used 330124K [0x00000006c1000000, 0x00000006dd780000, 0x000000076b000000)
  object space 466432K, 70% used [0x00000006c1000000,0x00000006d5263260,0x00000006dd780000)
 Metaspace       used 4146K, capacity 4604K, committed 4864K, reserved 1056768K
  class space    used 459K, capacity 492K, committed 512K, reserved 1048576K
}
Event: 6.026 GC heap before
{Heap before GC invocations=12 (full 2):
 PSYoungGen      total 452608K, used 452583K [0x000000076b000000, 0x000000079fc80000, 0x00000007c0000000)
  eden space 219136K, 100% used [0x000000076b000000,0x0000000778600000,0x0000000778600000)
  from space 233472K, 99% used [0x0000000778600000,0x00000007869f9f90,0x0000000786a00000)
  to   space 288768K, 0% used [0x000000078e280000,0x000000078e280000,0x000000079fc80000)
 ParOldGen       total 466432K, used 330124K [0x00000006c1000000, 0x00000006dd780000, 0x000000076b000000)
  object space 466432K, 70% used [0x00000006c1000000,0x00000006d5263260,0x00000006dd780000)
 Metaspace       used 4146K, capacity 4604K, committed 4864K, reserved 1056768K
  class space    used 459K, capacity 492K, committed 512K, reserved 1048576K
Event: 6.262 GC heap after
Heap after GC invocations=12 (full 2):
 PSYoungGen      total 500224K, used 288761K [0x000000076b000000, 0x00000007a9800000, 0x00000007c0000000)
  eden space 211456K, 0% used [0x000000076b000000,0x000000076b000000,0x0000000777e80000)
  from space 288768K, 99% used [0x000000078e280000,0x000000079fc7e768,0x000000079fc80000)
  to   space 364544K, 0% used [0x0000000777e80000,0x0000000777e80000,0x000000078e280000)
 ParOldGen       total 466432K, used 413020K [0x00000006c1000000, 0x00000006dd780000, 0x000000076b000000)
  object space 466432K, 88% used [0x00000006c1000000,0x00000006da357260,0x00000006dd780000)
 Metaspace       used 4146K, capacity 4604K, committed 4864K, reserved 1056768K
  class space    used 459K, capacity 492K, committed 512K, reserved 1048576K
}
Event: 6.262 GC heap before
{Heap before GC invocations=13 (full 3):
 PSYoungGen      total 500224K, used 288761K [0x000000076b000000, 0x00000007a9800000, 0x00000007c0000000)
  eden space 211456K, 0% used [0x000000076b000000,0x000000076b000000,0x0000000777e80000)
  from space 288768K, 99% used [0x000000078e280000,0x000000079fc7e768,0x000000079fc80000)
  to   space 364544K, 0% used [0x0000000777e80000,0x0000000777e80000,0x000000078e280000)
 ParOldGen       total 466432K, used 413020K [0x00000006c1000000, 0x00000006dd780000, 0x000000076b000000)
  object space 466432K, 88% used [0x00000006c1000000,0x00000006da357260,0x00000006dd780000)
 Metaspace       used 4146K, capacity 4604K, committed 4864K, reserved 1056768K
  class space    used 459K, capacity 492K, committed 512K, reserved 1048576K

Deoptimization events (0 events):
No events

Classes redefined (0 events):
No events

Internal exceptions (6 events):
Event: 0.024 Thread 0x0000000002c8e800 Exception <a 'java/lang/NoSuchMethodError': Method sun.misc.Unsafe.defineClass(Ljava/lang/String;[BII)Ljava/lang/Class; name or signature does not match> (0x000000076b007cb0) thrown at [C:\re\workspace\8-2-build-windows-amd64-cygwin\jdk8u212\12974\hotspot
Event: 0.024 Thread 0x0000000002c8e800 Exception <a 'java/lang/NoSuchMethodError': Method sun.misc.Unsafe.prefetchRead(Ljava/lang/Object;J)V name or signature does not match> (0x000000076b007f98) thrown at [C:\re\workspace\8-2-build-windows-amd64-cygwin\jdk8u212\12974\hotspot\src\share\vm\prim
Event: 0.082 Thread 0x0000000002c8e800 Exception <a 'java/security/PrivilegedActionException'> (0x000000076b301f40) thrown at [C:\re\workspace\8-2-build-windows-amd64-cygwin\jdk8u212\12974\hotspot\src\share\vm\prims\jvm.cpp, line 1502]
Event: 0.082 Thread 0x0000000002c8e800 Exception <a 'java/security/PrivilegedActionException'> (0x000000076b302338) thrown at [C:\re\workspace\8-2-build-windows-amd64-cygwin\jdk8u212\12974\hotspot\src\share\vm\prims\jvm.cpp, line 1502]
Event: 0.082 Thread 0x0000000002c8e800 Exception <a 'java/security/PrivilegedActionException'> (0x000000076b306430) thrown at [C:\re\workspace\8-2-build-windows-amd64-cygwin\jdk8u212\12974\hotspot\src\share\vm\prims\jvm.cpp, line 1502]
Event: 0.082 Thread 0x0000000002c8e800 Exception <a 'java/security/PrivilegedActionException'> (0x000000076b306828) thrown at [C:\re\workspace\8-2-build-windows-amd64-cygwin\jdk8u212\12974\hotspot\src\share\vm\prims\jvm.cpp, line 1502]

Events (10 events):
Event: 5.242 Executing VM operation: ParallelGCFailedAllocation done
Event: 5.271 Executing VM operation: ParallelGCFailedAllocation
Event: 5.389 Executing VM operation: ParallelGCFailedAllocation done
Event: 5.434 Executing VM operation: ParallelGCFailedAllocation
Event: 5.552 Executing VM operation: ParallelGCFailedAllocation done
Event: 5.605 Executing VM operation: ParallelGCFailedAllocation
Event: 5.711 Executing VM operation: ParallelGCFailedAllocation done
Event: 5.792 Executing VM operation: ParallelGCFailedAllocation
Event: 5.949 Executing VM operation: ParallelGCFailedAllocation done
Event: 6.026 Executing VM operation: ParallelGCFailedAllocation


Dynamic libraries:
0x00007ff78f320000 - 0x00007ff78f357000 	C:\Program Files\Java\jdk1.8.0_212\bin\java.exe
0x00007ffbc3d60000 - 0x00007ffbc3f50000 	C:\WINDOWS\SYSTEM32\ntdll.dll
0x00007ffbc2630000 - 0x00007ffbc26e2000 	C:\WINDOWS\System32\KERNEL32.DLL
0x00007ffbc0cf0000 - 0x00007ffbc0f94000 	C:\WINDOWS\System32\KERNELBASE.dll
0x00007ffbc39e0000 - 0x00007ffbc3a83000 	C:\WINDOWS\System32\ADVAPI32.dll
0x00007ffbc2a30000 - 0x00007ffbc2ace000 	C:\WINDOWS\System32\msvcrt.dll
0x00007ffbc3580000 - 0x00007ffbc3617000 	C:\WINDOWS\System32\sechost.dll
0x00007ffbc1fc0000 - 0x00007ffbc20e0000 	C:\WINDOWS\System32\RPCRT4.dll
0x00007ffbc33e0000 - 0x00007ffbc3574000 	C:\WINDOWS\System32\USER32.dll
0x00007ffbc11e0000 - 0x00007ffbc1201000 	C:\WINDOWS\System32\win32u.dll
0x00007ffbc37e0000 - 0x00007ffbc3806000 	C:\WINDOWS\System32\GDI32.dll
0x00007ffbc12a0000 - 0x00007ffbc1434000 	C:\WINDOWS\System32\gdi32full.dll
0x00007ffbc10d0000 - 0x00007ffbc116e000 	C:\WINDOWS\System32\msvcp_win.dll
0x00007ffbc1590000 - 0x00007ffbc168a000 	C:\WINDOWS\System32\ucrtbase.dll
0x00007ffbac150000 - 0x00007ffbac3d4000 	C:\WINDOWS\WinSxS\amd64_microsoft.windows.common-controls_6595b64144ccf1df_6.0.18362.836_none_e6c4b943130f18ed\COMCTL32.dll
0x00007ffbc26f0000 - 0x00007ffbc2a26000 	C:\WINDOWS\System32\combase.dll
0x00007ffbc0fa0000 - 0x00007ffbc1020000 	C:\WINDOWS\System32\bcryptPrimitives.dll
0x00007ffbc2600000 - 0x00007ffbc262e000 	C:\WINDOWS\System32\IMM32.DLL
0x0000000052a90000 - 0x0000000052b62000 	C:\Program Files\Java\jdk1.8.0_212\jre\bin\msvcr100.dll
0x0000000051030000 - 0x00000000518d5000 	C:\Program Files\Java\jdk1.8.0_212\jre\bin\server\jvm.dll
0x00007ffbc3970000 - 0x00007ffbc3978000 	C:\WINDOWS\System32\PSAPI.DLL
0x00007ffbac090000 - 0x00007ffbac099000 	C:\WINDOWS\SYSTEM32\WSOCK32.dll
0x00007ffbbe740000 - 0x00007ffbbe764000 	C:\WINDOWS\SYSTEM32\WINMM.dll
0x00007ffbbc880000 - 0x00007ffbbc88a000 	C:\WINDOWS\SYSTEM32\VERSION.dll
0x00007ffbc3680000 - 0x00007ffbc36ef000 	C:\WINDOWS\System32\WS2_32.dll
0x00007ffbbe710000 - 0x00007ffbbe73d000 	C:\WINDOWS\SYSTEM32\WINMMBASE.dll
0x00007ffbc1170000 - 0x00007ffbc11ba000 	C:\WINDOWS\System32\cfgmgr32.dll
0x00007ffbbd060000 - 0x00007ffbbd06f000 	C:\Program Files\Java\jdk1.8.0_212\jre\bin\verify.dll
0x00007ffbafec0000 - 0x00007ffbafee9000 	C:\Program Files\Java\jdk1.8.0_212\jre\bin\java.dll
0x00007ffba83d0000 - 0x00007ffba83f3000 	C:\Program Files\Java\jdk1.8.0_212\jre\bin\instrument.dll
0x00007ffbaa1f0000 - 0x00007ffbaa206000 	C:\Program Files\Java\jdk1.8.0_212\jre\bin\zip.dll
0x00007ffbc2cf0000 - 0x00007ffbc33d4000 	C:\WINDOWS\System32\SHELL32.dll
0x00007ffbc2c40000 - 0x00007ffbc2ce9000 	C:\WINDOWS\System32\shcore.dll
0x00007ffbc1690000 - 0x00007ffbc1e0e000 	C:\WINDOWS\System32\windows.storage.dll
0x00007ffbc0c70000 - 0x00007ffbc0c93000 	C:\WINDOWS\System32\profapi.dll
0x00007ffbc0ca0000 - 0x00007ffbc0cea000 	C:\WINDOWS\System32\powrprof.dll
0x00007ffbc0c20000 - 0x00007ffbc0c30000 	C:\WINDOWS\System32\UMPDC.dll
0x00007ffbc3620000 - 0x00007ffbc3672000 	C:\WINDOWS\System32\shlwapi.dll
0x00007ffbc0c50000 - 0x00007ffbc0c61000 	C:\WINDOWS\System32\kernel.appcore.dll
0x00007ffbc11c0000 - 0x00007ffbc11d7000 	C:\WINDOWS\System32\cryptsp.dll
0x00007ffba83b0000 - 0x00007ffba83ca000 	F:\IntelliJ IDEA 2019.3.3\bin\breakgen64.dll
0x00007ffba5c10000 - 0x00007ffba5c2a000 	C:\Program Files\Java\jdk1.8.0_212\jre\bin\net.dll
0x00007ffbb3b90000 - 0x00007ffbb3d66000 	C:\WINDOWS\SYSTEM32\urlmon.dll
0x00007ffbb38e0000 - 0x00007ffbb3b86000 	C:\WINDOWS\SYSTEM32\iertutil.dll
0x00007ffbc0660000 - 0x00007ffbc066c000 	C:\WINDOWS\SYSTEM32\CRYPTBASE.DLL
0x00007ffbc0490000 - 0x00007ffbc04f7000 	C:\WINDOWS\system32\mswsock.dll
0x00007ffbacbc0000 - 0x00007ffbacdb4000 	C:\WINDOWS\SYSTEM32\dbghelp.dll

VM Arguments:
jvm_args: -javaagent:F:\IntelliJ IDEA 2019.3.3\lib\idea_rt.jar=53766:F:\IntelliJ IDEA 2019.3.3\bin -Dfile.encoding=UTF-8 
java_command: online_test.delete_every2
java_class_path (initial): C:\Program Files\Java\jdk1.8.0_212\jre\lib\charsets.jar;C:\Program Files\Java\jdk1.8.0_212\jre\lib\deploy.jar;C:\Program Files\Java\jdk1.8.0_212\jre\lib\ext\access-bridge-64.jar;C:\Program Files\Java\jdk1.8.0_212\jre\lib\ext\cldrdata.jar;C:\Program Files\Java\jdk1.8.0_212\jre\lib\ext\dnsns.jar;C:\Program Files\Java\jdk1.8.0_212\jre\lib\ext\jaccess.jar;C:\Program Files\Java\jdk1.8.0_212\jre\lib\ext\jfxrt.jar;C:\Program Files\Java\jdk1.8.0_212\jre\lib\ext\localedata.jar;C:\Program Files\Java\jdk1.8.0_212\jre\lib\ext\nashorn.jar;C:\Program Files\Java\jdk1.8.0_212\jre\lib\ext\sunec.jar;C:\Program Files\Java\jdk1.8.0_212\jre\lib\ext\sunjce_provider.jar;C:\Program Files\Java\jdk1.8.0_212\jre\lib\ext\sunmscapi.jar;C:\Program Files\Java\jdk1.8.0_212\jre\lib\ext\sunpkcs11.jar;C:\Program Files\Java\jdk1.8.0_212\jre\lib\ext\zipfs.jar;C:\Program Files\Java\jdk1.8.0_212\jre\lib\javaws.jar;C:\Program Files\Java\jdk1.8.0_212\jre\lib\jce.jar;C:\Program Files\Java\jdk1.8.0_212\jre\lib\jfr.jar;C:\Program Files\Java\jdk1.8.0_212\jre\lib\jfxswt.jar;C:\Program Files\Java\jdk1.8.0_212\jre\lib\jsse.jar;C:\Program Files\Java\jdk1.8.0_212\jre\lib\management-agent.jar;C:\Program Files\Java\jdk1.8.0_212\jre\lib\plugin.jar;C:\Program Files\Java\jdk1.8.0_212\jre\lib\resources.jar;C:\Program Files\Java\jdk1.8.0_212\jre\lib\rt.jar;D:\Java_pro_idea\inter_test\out\production\inter_test;F:\IntelliJ IDEA 2019.3.3\lib\idea_rt.jar
Launcher Type: SUN_STANDARD

Environment Variables:
JAVA_HOME=C:\Program Files\Java\jre1.8.0_241
CLASSPATH=.;C:\Program Files\Java\jre1.8.0_241\lib\dt.jar;C:\Program Files\Java\jre1.8.0_241\lib\tools.jar;
PATH=C:\Program Files (x86)\Common Files\Oracle\Java\javapath;C:\WINDOWS\system32;C:\WINDOWS;C:\WINDOWS\System32\Wbem;C:\WINDOWS\System32\WindowsPowerShell\v1.0\;C:\WINDOWS\System32\OpenSSH\;C:\Program Files\PuTTY\;"C:\Program Files\Java\jre1.8.0_241\bin;";"C:\Program Files\Java\jre1.8.0_241\jre\bin;";D:\apache-maven-3.6.3\bin;C:\Program Files\Git\cmd;C:\Program Files (x86)\NVIDIA Corporation\PhysX\Common;C:\Users\muyao\AppData\Local\Microsoft\WindowsApps;;F:\IntelliJ IDEA 2019.3.3\bin;
USERNAME=muyao
OS=Windows_NT
PROCESSOR_IDENTIFIER=Intel64 Family 6 Model 158 Stepping 12, GenuineIntel



---------------  S Y S T E M  ---------------

OS: Windows 10.0 , 64 bit Build 18362 (10.0.18362.778)

CPU:total 8 (initial active 8) (8 cores per cpu, 1 threads per core) family 6 model 158 stepping 12, cmov, cx8, fxsr, mmx, sse, sse2, sse3, ssse3, sse4.1, sse4.2, popcnt, avx, avx2, aes, clmul, erms, rtm, 3dnowpref, lzcnt, tsc, tscinvbit, bmi1, bmi2, adx

Memory: 4k page, physical 16710104k(9281888k free), swap 24050136k(10315508k free)

vm_info: Java HotSpot(TM) 64-Bit Server VM (25.212-b10) for windows-amd64 JRE (1.8.0_212-b10), built on Apr  1 2019 22:50:23 by "java_re" with MS VC++ 10.0 (VS2010)

time: Mon Jun 08 22:51:41 2020
timezone: 中国标准时间
elapsed time: 7 seconds (0d 0h 0m 7s)

